0 info it worked if it ends with ok
1 verbose cli [ 'D:\\aven\\install\\Nodejs\\node.exe',
1 verbose cli   'D:\\aven\\install\\Nodejs\\node_modules\\npm\\bin\\npm-cli.js',
1 verbose cli   'install',
1 verbose cli   'vue-hot-reload-api,',
1 verbose cli   'vue-html-loader,',
1 verbose cli   'vue-resource,',
1 verbose cli   'vue-router,',
1 verbose cli   'vue-style-loader' ]
2 info using npm@3.10.10
3 info using node@v6.10.2
4 silly loadCurrentTree Starting
5 silly install loadCurrentTree
6 silly install readLocalPackageData
7 silly fetchPackageMetaData vue-hot-reload-api,
8 silly fetchPackageMetaData vue-html-loader,
9 silly fetchPackageMetaData vue-resource,
10 silly fetchPackageMetaData vue-router,
11 silly fetchPackageMetaData vue-style-loader
12 silly fetchOtherPackageData vue-hot-reload-api,
13 silly cache add args [ 'vue-hot-reload-api,', null ]
14 verbose cache add spec vue-hot-reload-api,
15 silly fetchOtherPackageData vue-html-loader,
16 silly cache add args [ 'vue-html-loader,', null ]
17 verbose cache add spec vue-html-loader,
18 silly fetchOtherPackageData vue-resource,
19 silly cache add args [ 'vue-resource,', null ]
20 verbose cache add spec vue-resource,
21 silly fetchOtherPackageData vue-router,
22 silly cache add args [ 'vue-router,', null ]
23 verbose cache add spec vue-router,
24 silly fetchNamedPackageData vue-style-loader
25 silly mapToRegistry name vue-style-loader
26 silly mapToRegistry using default registry
27 silly mapToRegistry registry http://registry.cnpmjs.org/
28 silly mapToRegistry data Result {
28 silly mapToRegistry   raw: 'vue-style-loader',
28 silly mapToRegistry   scope: null,
28 silly mapToRegistry   escapedName: 'vue-style-loader',
28 silly mapToRegistry   name: 'vue-style-loader',
28 silly mapToRegistry   rawSpec: '',
28 silly mapToRegistry   spec: 'latest',
28 silly mapToRegistry   type: 'tag' }
29 silly mapToRegistry uri http://registry.cnpmjs.org/vue-style-loader
30 silly cache add parsed spec Result {
30 silly cache add   raw: 'vue-hot-reload-api,',
30 silly cache add   scope: null,
30 silly cache add   escapedName: null,
30 silly cache add   name: null,
30 silly cache add   rawSpec: 'vue-hot-reload-api,',
30 silly cache add   spec: 'D:\\aven\\space\\dataTransfer\\vue-hot-reload-api,',
30 silly cache add   type: 'local' }
31 silly cache add parsed spec Result {
31 silly cache add   raw: 'vue-html-loader,',
31 silly cache add   scope: null,
31 silly cache add   escapedName: null,
31 silly cache add   name: null,
31 silly cache add   rawSpec: 'vue-html-loader,',
31 silly cache add   spec: 'D:\\aven\\space\\dataTransfer\\vue-html-loader,',
31 silly cache add   type: 'local' }
32 silly cache add parsed spec Result {
32 silly cache add   raw: 'vue-resource,',
32 silly cache add   scope: null,
32 silly cache add   escapedName: null,
32 silly cache add   name: null,
32 silly cache add   rawSpec: 'vue-resource,',
32 silly cache add   spec: 'D:\\aven\\space\\dataTransfer\\vue-resource,',
32 silly cache add   type: 'local' }
33 silly cache add parsed spec Result {
33 silly cache add   raw: 'vue-router,',
33 silly cache add   scope: null,
33 silly cache add   escapedName: null,
33 silly cache add   name: null,
33 silly cache add   rawSpec: 'vue-router,',
33 silly cache add   spec: 'D:\\aven\\space\\dataTransfer\\vue-router,',
33 silly cache add   type: 'local' }
34 error addLocal Could not install D:\aven\space\dataTransfer\vue-hot-reload-api,
35 silly fetchPackageMetaData Error: ENOENT: no such file or directory, open 'D:\aven\space\dataTransfer\vue-hot-reload-api,'
35 silly fetchPackageMetaData     at Error (native)
35 silly fetchPackageMetaData  error for vue-hot-reload-api, { Error: ENOENT: no such file or directory, open 'D:\aven\space\dataTransfer\vue-hot-reload-api,'
35 silly fetchPackageMetaData     at Error (native)
35 silly fetchPackageMetaData   errno: -4058,
35 silly fetchPackageMetaData   code: 'ENOENT',
35 silly fetchPackageMetaData   syscall: 'open',
35 silly fetchPackageMetaData   path: 'D:\\aven\\space\\dataTransfer\\vue-hot-reload-api,' }
36 error addLocal Could not install D:\aven\space\dataTransfer\vue-html-loader,
37 silly fetchPackageMetaData Error: ENOENT: no such file or directory, open 'D:\aven\space\dataTransfer\vue-html-loader,'
37 silly fetchPackageMetaData     at Error (native)
37 silly fetchPackageMetaData  error for vue-html-loader, { Error: ENOENT: no such file or directory, open 'D:\aven\space\dataTransfer\vue-html-loader,'
37 silly fetchPackageMetaData     at Error (native)
37 silly fetchPackageMetaData   errno: -4058,
37 silly fetchPackageMetaData   code: 'ENOENT',
37 silly fetchPackageMetaData   syscall: 'open',
37 silly fetchPackageMetaData   path: 'D:\\aven\\space\\dataTransfer\\vue-html-loader,' }
38 error addLocal Could not install D:\aven\space\dataTransfer\vue-resource,
39 silly fetchPackageMetaData Error: ENOENT: no such file or directory, open 'D:\aven\space\dataTransfer\vue-resource,'
39 silly fetchPackageMetaData     at Error (native)
39 silly fetchPackageMetaData  error for vue-resource, { Error: ENOENT: no such file or directory, open 'D:\aven\space\dataTransfer\vue-resource,'
39 silly fetchPackageMetaData     at Error (native)
39 silly fetchPackageMetaData   errno: -4058,
39 silly fetchPackageMetaData   code: 'ENOENT',
39 silly fetchPackageMetaData   syscall: 'open',
39 silly fetchPackageMetaData   path: 'D:\\aven\\space\\dataTransfer\\vue-resource,' }
40 error addLocal Could not install D:\aven\space\dataTransfer\vue-router,
41 silly fetchPackageMetaData Error: ENOENT: no such file or directory, open 'D:\aven\space\dataTransfer\vue-router,'
41 silly fetchPackageMetaData     at Error (native)
41 silly fetchPackageMetaData  error for vue-router, { Error: ENOENT: no such file or directory, open 'D:\aven\space\dataTransfer\vue-router,'
41 silly fetchPackageMetaData     at Error (native)
41 silly fetchPackageMetaData   errno: -4058,
41 silly fetchPackageMetaData   code: 'ENOENT',
41 silly fetchPackageMetaData   syscall: 'open',
41 silly fetchPackageMetaData   path: 'D:\\aven\\space\\dataTransfer\\vue-router,' }
42 verbose request uri http://registry.cnpmjs.org/vue-style-loader
43 verbose request no auth needed
44 info attempt registry request try #1 at 14:23:33
45 verbose request id 809401d775cf8423
46 http request GET http://registry.cnpmjs.org/vue-style-loader
47 http 200 http://registry.cnpmjs.org/vue-style-loader
48 verbose headers { server: 'nginx/1.4.6 (Ubuntu)',
48 verbose headers   date: 'Fri, 07 Apr 2017 06:23:26 GMT',
48 verbose headers   'content-type': 'application/json; charset=utf-8',
48 verbose headers   'transfer-encoding': 'chunked',
48 verbose headers   connection: 'keep-alive',
48 verbose headers   'x-current-requests': '1',
48 verbose headers   'x-readtime': '41',
48 verbose headers   'strict-transport-security': 'max-age=15768000',
48 verbose headers   'content-encoding': 'gzip' }
49 silly get cb [ 200,
49 silly get   { server: 'nginx/1.4.6 (Ubuntu)',
49 silly get     date: 'Fri, 07 Apr 2017 06:23:26 GMT',
49 silly get     'content-type': 'application/json; charset=utf-8',
49 silly get     'transfer-encoding': 'chunked',
49 silly get     connection: 'keep-alive',
49 silly get     'x-current-requests': '1',
49 silly get     'x-readtime': '41',
49 silly get     'strict-transport-security': 'max-age=15768000',
49 silly get     'content-encoding': 'gzip' } ]
50 verbose get saving vue-style-loader to C:\Users\Administrator\AppData\Roaming\npm-cache\registry.cnpmjs.org\vue-style-loader\.cache.json
51 verbose correctMkdir C:\Users\Administrator\AppData\Roaming\npm-cache correctMkdir not in flight; initializing
52 silly rollbackFailedOptional Starting
53 silly rollbackFailedOptional Finishing
54 silly runTopLevelLifecycles Finishing
55 silly install printInstalled
56 verbose stack Error: ENOENT: no such file or directory, open 'D:\aven\space\dataTransfer\vue-hot-reload-api,'
56 verbose stack     at Error (native)
57 verbose cwd D:\aven\space\dataTransfer
58 error Windows_NT 6.1.7601
59 error argv "D:\\aven\\install\\Nodejs\\node.exe" "D:\\aven\\install\\Nodejs\\node_modules\\npm\\bin\\npm-cli.js" "install" "vue-hot-reload-api," "vue-html-loader," "vue-resource," "vue-router," "vue-style-loader"
60 error node v6.10.2
61 error npm  v3.10.10
62 error path D:\aven\space\dataTransfer\vue-hot-reload-api,
63 error code ENOENT
64 error errno -4058
65 error syscall open
66 error enoent ENOENT: no such file or directory, open 'D:\aven\space\dataTransfer\vue-hot-reload-api,'
67 error enoent ENOENT: no such file or directory, open 'D:\aven\space\dataTransfer\vue-hot-reload-api,'
67 error enoent This is most likely not a problem with npm itself
67 error enoent and is related to npm not being able to find a file.
68 verbose exit [ -4058, true ]
